<?xml version="1.0" encoding="UTF-8"?>
<testsuite xmlns:xsi="http://www.w3.org/2001/XMLSchema-instance" xsi:noNamespaceSchemaLocation="https://maven.apache.org/surefire/maven-surefire-plugin/xsd/surefire-test-report.xsd" name="controllers.auth.LoginServletTest" time="1.111" tests="2" errors="0" skipped="0" failures="0">
  <properties>
[...]
</properties>
  <testcase name="loginFallido_seteaCode403YMessageIncorrecto" classname="controllers.auth.LoginServletTest" time="1.018"/>
  <testcase name="loginExitoso_seteaCode200YMessageExitoso" classname="controllers.auth.LoginServletTest" time="0.007"/>
</testsuite>